[35m[Appium][39m Welcome to Appium v1.22.3
[35m[Appium][39m Non-default server args:
[35m[Appium][39m   port: 59909
[35m[Appium][39m   loglevel: info
[35m[Appium][39m   tmpDir: C:\Users\ftoru\AppData\Local\Temp\\Katalon\Appium\Temp1650708150141
[35m[Appium][39m   chromedriverPort: 59910
[35m[Appium][39m Deprecated server args:
[35m[Appium][39m   [31m--chromedriver-port[39m => --default-capabilities
[35m[Appium][39m Default capabilities, which will be added to each request unless overridden by desired capabilities:
[35m[Appium][39m   chromedriverPort: 59910
[35m[Appium][39m Appium REST http interface listener started on 0.0.0.0:59909
[35m[HTTP][39m [37m-->[39m [37mGET[39m [37m/wd/hub/status[39m
[35m[HTTP][39m [90m{}[39m
[35m[HTTP][39m [37m<-- GET /wd/hub/status [39m[32m200[39m [90m4 ms - 68[39m
[35m[HTTP][39m [90m[39m
[35m[HTTP][39m [37m-->[39m [37mGET[39m [37m/wd/hub/status[39m
[35m[HTTP][39m [90m{}[39m
[35m[HTTP][39m [37m<-- GET /wd/hub/status [39m[32m200[39m [90m1 ms - 68[39m
[35m[HTTP][39m [90m[39m
[35m[HTTP][39m [37m-->[39m [37mPOST[39m [37m/wd/hub/session[39m
[35m[HTTP][39m [90m{"desiredCapabilities":{"appActivity":".Settings","appPackage":"com.android.settings","newCommandTimeout":1800,"platformVersion":"12","automationName":"uiautomator2","autoGrantPermissions":true,"platformName":"Android","udid":"39d27dd5","deviceName":"Xiaomi M2101K7AG (Android 12)","platform":"ANDROID","systemPort":8225},"capabilities":{"firstMatch":[{"appium:appActivity":".Settings","appium:appPackage":"com.android.settings","appium:autoGrantPermissions":true,"appium:automationName":"uiautomator2","appium:deviceName":"Xiaomi M2101K7AG (Android 12)","appium:newCommandTimeout":1800,"platform":"ANDROID","platformName":"android","appium:platformVersion":"12","appium:systemPort":8225,"appium:udid":"39d27dd5"}]}}[39m
[35m[BaseDriver][39m The following capabilities are not standard capabilities and should have an extension prefix:
[35m[BaseDriver][39m   platform
[35m[BaseDriver][39m   chromedriverPort
[35m[Appium][39m Appium v1.22.3 creating new AndroidUiautomator2Driver (v1.70.1) session
[35m[BaseDriver][39m The following capabilities were provided, but are not recognized by Appium:
[35m[BaseDriver][39m   platform
[35m[BaseDriver][39m Session created with session id: 188bb5ac-2322-4ead-bb47-341f6b005eca
[35m[UiAutomator2][39m Starting 'com.android.settings' directly on the device
[35m[ADB][39m Found 2 'build-tools' folders under 'D:\AppData\Local\Android\SDK' (newest first):
[35m[ADB][39m     D:/AppData/Local/Android/SDK/build-tools/32.0.0-rc1
[35m[ADB][39m     D:/AppData/Local/Android/SDK/build-tools/31.0.0
[35m[ADB][39m Using 'adb.exe' from 'D:\AppData\Local\Android\SDK\platform-tools\adb.exe'
[35m[AndroidDriver][39m Retrieving device list
[35m[AndroidDriver][39m Using device: 39d27dd5
[35m[ADB][39m Using 'adb.exe' from 'D:\AppData\Local\Android\SDK\platform-tools\adb.exe'
[35m[ADB][39m Getting device platform version
[35m[UiAutomator2][39m Relaxing hidden api policy
[35m[AndroidDriver][39m No app sent in, not parsing package/activity
[35m[ADB][39m Using 'apksigner.jar' from 'D:\AppData\Local\Android\SDK\build-tools\32.0.0-rc1\lib\apksigner.jar'
[35m[ADB][39m 'C:\Users\ftoru\AppData\Roaming\npm\node_modules\appium\node_modules\appium-uiautomator2-server\apks\appium-uiautomator2-server-v4.27.0.apk' is signed with the default certificate
[35m[ADB][39m 'C:\Users\ftoru\AppData\Roaming\npm\node_modules\appium\node_modules\appium-uiautomator2-server\apks\appium-uiautomator2-server-debug-androidTest.apk' is signed with the default certificate
[35m[UiAutomator2][39m Server packages are not going to be (re)installed
[35m[ADB][39m Adding packages ["io.appium.settings","io.appium.uiautomator2.server","io.appium.uiautomator2.server.test"] to Doze whitelist
[35m[UiAutomator2][39m Starting UIAutomator2 server 4.27.0
[35m[UiAutomator2][39m Using UIAutomator2 server from 'C:\Users\ftoru\AppData\Roaming\npm\node_modules\appium\node_modules\appium-uiautomator2-server\apks\appium-uiautomator2-server-v4.27.0.apk' and test from 'C:\Users\ftoru\AppData\Roaming\npm\node_modules\appium\node_modules\appium-uiautomator2-server\apks\appium-uiautomator2-server-debug-androidTest.apk'
[35m[UiAutomator2][39m Waiting up to 30000ms for UiAutomator2 to be online...
[35m[WD Proxy][39m socket hang up
[35m[WD Proxy][39m socket hang up
[35m[WD Proxy][39m socket hang up
[35m[WD Proxy][39m socket hang up
[35m[WD Proxy][39m socket hang up
[35m[WD Proxy][39m socket hang up
[35m[WD Proxy][39m socket hang up
[35m[WD Proxy][39m Determined the downstream protocol as 'W3C'
[35m[AndroidDriver][39m Screen already unlocked, doing nothing
[35m[UiAutomator2][39m Starting 'com.android.settings/.Settings and waiting for 'com.android.settings/.Settings'
[35m[Appium][39m New AndroidUiautomator2Driver session created successfully, session 188bb5ac-2322-4ead-bb47-341f6b005eca added to master session list
[35m[HTTP][39m [37m<-- POST /wd/hub/session [39m[32m200[39m [90m17281 ms - 1144[39m
[35m[HTTP][39m [90m[39m
[35m[HTTP][39m [37m-->[39m [37mGET[39m [37m/wd/hub/session/188bb5ac-2322-4ead-bb47-341f6b005eca[39m
[35m[HTTP][39m [90m{}[39m
[35m[HTTP][39m [37m<-- GET /wd/hub/session/188bb5ac-2322-4ead-bb47-341f6b005eca [39m[32m200[39m [90m14 ms - 1098[39m
[35m[HTTP][39m [90m[39m
[35m[HTTP][39m [37m-->[39m [37mGET[39m [37m/wd/hub/session/188bb5ac-2322-4ead-bb47-341f6b005eca[39m
[35m[HTTP][39m [90m{}[39m
[35m[HTTP][39m [37m<-- GET /wd/hub/session/188bb5ac-2322-4ead-bb47-341f6b005eca [39m[32m200[39m [90m24 ms - 1098[39m
[35m[HTTP][39m [90m[39m
[35m[HTTP][39m [37m-->[39m [37mGET[39m [37m/wd/hub/status[39m
[35m[HTTP][39m [90m{}[39m
[35m[HTTP][39m [37m<-- GET /wd/hub/status [39m[32m200[39m [90m1 ms - 68[39m
[35m[HTTP][39m [90m[39m
[35m[HTTP][39m [37m-->[39m [37mPOST[39m [37m/wd/hub/session/188bb5ac-2322-4ead-bb47-341f6b005eca/timeouts[39m
[35m[HTTP][39m [90m{"implicit":60000}[39m
[35m[HTTP][39m [37m<-- POST /wd/hub/session/188bb5ac-2322-4ead-bb47-341f6b005eca/timeouts [39m[32m200[39m [90m5 ms - 14[39m
[35m[HTTP][39m [90m[39m
[35m[HTTP][39m [37m-->[39m [37mGET[39m [37m/wd/hub/session/188bb5ac-2322-4ead-bb47-341f6b005eca/screenshot[39m
[35m[HTTP][39m [90m{}[39m
[35m[HTTP][39m [37m<-- GET /wd/hub/session/188bb5ac-2322-4ead-bb47-341f6b005eca/screenshot [39m[32m200[39m [90m686 ms - 300650[39m
[35m[HTTP][39m [90m[39m
[35m[HTTP][39m [37m-->[39m [37mGET[39m [37m/wd/hub/session/188bb5ac-2322-4ead-bb47-341f6b005eca/window/rect[39m
[35m[HTTP][39m [90m{}[39m
[35m[HTTP][39m [37m<-- GET /wd/hub/session/188bb5ac-2322-4ead-bb47-341f6b005eca/window/rect [39m[32m200[39m [90m23 ms - 50[39m
[35m[HTTP][39m [90m[39m
[35m[HTTP][39m [37m-->[39m [37mGET[39m [37m/wd/hub/session/188bb5ac-2322-4ead-bb47-341f6b005eca/appium/device/system_bars[39m
[35m[HTTP][39m [90m{}[39m
[35m[HTTP][39m [37m<-- GET /wd/hub/session/188bb5ac-2322-4ead-bb47-341f6b005eca/appium/device/system_bars [39m[32m200[39m [90m168 ms - 145[39m
[35m[HTTP][39m [90m[39m
[35m[HTTP][39m [37m-->[39m [37mPOST[39m [37m/wd/hub/session/188bb5ac-2322-4ead-bb47-341f6b005eca/appium/device/activate_app[39m
[35m[HTTP][39m [90m{"bundleId":"com.innovecto.etalastic"}[39m
[35m[HTTP][39m [37m<-- POST /wd/hub/session/188bb5ac-2322-4ead-bb47-341f6b005eca/appium/device/activate_app [39m[32m200[39m [90m4320 ms - 14[39m
[35m[HTTP][39m [90m[39m
[35m[HTTP][39m [37m-->[39m [37mGET[39m [37m/wd/hub/session/188bb5ac-2322-4ead-bb47-341f6b005eca/source[39m
[35m[HTTP][39m [90m{}[39m
[35m[W3C (188bb5ac)][39m Driver proxy active, passing request on via HTTP proxy
[35m[WD Proxy][39m Replacing sessionId c2d013bf-f100-4bd7-bc3a-44dd400ae8cf with 188bb5ac-2322-4ead-bb47-341f6b005eca
[35m[HTTP][39m [37m<-- GET /wd/hub/session/188bb5ac-2322-4ead-bb47-341f6b005eca/source [39m[32m200[39m [90m708 ms - 19810[39m
[35m[HTTP][39m [90m[39m
[35m[HTTP][39m [37m-->[39m [37mGET[39m [37m/wd/hub/session/188bb5ac-2322-4ead-bb47-341f6b005eca/screenshot[39m
[35m[HTTP][39m [90m{}[39m
[35m[HTTP][39m [37m<-- GET /wd/hub/session/188bb5ac-2322-4ead-bb47-341f6b005eca/screenshot [39m[32m200[39m [90m656 ms - 38184[39m
[35m[HTTP][39m [90m[39m
[35m[HTTP][39m [37m-->[39m [37mGET[39m [37m/wd/hub/session/188bb5ac-2322-4ead-bb47-341f6b005eca/source[39m
[35m[HTTP][39m [90m{}[39m
[35m[W3C (188bb5ac)][39m Driver proxy active, passing request on via HTTP proxy
[35m[WD Proxy][39m Replacing sessionId c2d013bf-f100-4bd7-bc3a-44dd400ae8cf with 188bb5ac-2322-4ead-bb47-341f6b005eca
[35m[HTTP][39m [37m<-- GET /wd/hub/session/188bb5ac-2322-4ead-bb47-341f6b005eca/source [39m[32m200[39m [90m670 ms - 38676[39m
[35m[HTTP][39m [90m[39m
[35m[HTTP][39m [37m-->[39m [37mGET[39m [37m/wd/hub/session/188bb5ac-2322-4ead-bb47-341f6b005eca/screenshot[39m
[35m[HTTP][39m [90m{}[39m
[35m[HTTP][39m [37m<-- GET /wd/hub/session/188bb5ac-2322-4ead-bb47-341f6b005eca/screenshot [39m[32m200[39m [90m571 ms - 248168[39m
[35m[HTTP][39m [90m[39m
[35m[HTTP][39m [37m-->[39m [37mPOST[39m [37m/wd/hub/session/188bb5ac-2322-4ead-bb47-341f6b005eca/elements[39m
[35m[HTTP][39m [90m{"using":"xpath","value":"//*[@class = 'android.widget.ImageView' and @resource-id = 'com.innovecto.etalastic:id/image_toolbar_navigation' and (@text = '' or . = '')]"}[39m
[35m[HTTP][39m [37m<-- POST /wd/hub/session/188bb5ac-2322-4ead-bb47-341f6b005eca/elements [39m[32m200[39m [90m830 ms - 139[39m
[35m[HTTP][39m [90m[39m
[35m[HTTP][39m [37m-->[39m [37mGET[39m [37m/wd/hub/session/188bb5ac-2322-4ead-bb47-341f6b005eca/window/rect[39m
[35m[HTTP][39m [90m{}[39m
[35m[HTTP][39m [37m<-- GET /wd/hub/session/188bb5ac-2322-4ead-bb47-341f6b005eca/window/rect [39m[32m200[39m [90m16 ms - 50[39m
[35m[HTTP][39m [90m[39m
[35m[HTTP][39m [37m-->[39m [37mPOST[39m [37m/wd/hub/session/188bb5ac-2322-4ead-bb47-341f6b005eca/elements[39m
[35m[HTTP][39m [90m{"using":"xpath","value":"//*[@class = 'android.widget.ImageView' and @resource-id = 'com.innovecto.etalastic:id/image_toolbar_navigation' and (@text = '' or . = '')]"}[39m
[35m[HTTP][39m [37m<-- POST /wd/hub/session/188bb5ac-2322-4ead-bb47-341f6b005eca/elements [39m[32m200[39m [90m537 ms - 139[39m
[35m[HTTP][39m [90m[39m
[35m[HTTP][39m [37m-->[39m [37mGET[39m [37m/wd/hub/session/188bb5ac-2322-4ead-bb47-341f6b005eca/element/00000000-0000-01a0-ffff-ffff00000014/location[39m
[35m[HTTP][39m [90m{}[39m
[35m[W3C (188bb5ac)][39m Driver proxy active, passing request on via HTTP proxy
[35m[WD Proxy][39m Replacing sessionId c2d013bf-f100-4bd7-bc3a-44dd400ae8cf with 188bb5ac-2322-4ead-bb47-341f6b005eca
[35m[HTTP][39m [37m<-- GET /wd/hub/session/188bb5ac-2322-4ead-bb47-341f6b005eca/element/00000000-0000-01a0-ffff-ffff00000014/location [39m[32m200[39m [90m35 ms - 77[39m
[35m[HTTP][39m [90m[39m
[35m[HTTP][39m [37m-->[39m [37mPOST[39m [37m/wd/hub/session/188bb5ac-2322-4ead-bb47-341f6b005eca/element/00000000-0000-01a0-ffff-ffff00000014/click[39m
[35m[HTTP][39m [90m{"id":"00000000-0000-01a0-ffff-ffff00000014"}[39m
[35m[HTTP][39m [37m<-- POST /wd/hub/session/188bb5ac-2322-4ead-bb47-341f6b005eca/element/00000000-0000-01a0-ffff-ffff00000014/click [39m[32m200[39m [90m119 ms - 14[39m
[35m[HTTP][39m [90m[39m
[35m[HTTP][39m [37m-->[39m [37mGET[39m [37m/wd/hub/session/188bb5ac-2322-4ead-bb47-341f6b005eca/source[39m
[35m[HTTP][39m [90m{}[39m
[35m[W3C (188bb5ac)][39m Driver proxy active, passing request on via HTTP proxy
[35m[WD Proxy][39m Replacing sessionId c2d013bf-f100-4bd7-bc3a-44dd400ae8cf with 188bb5ac-2322-4ead-bb47-341f6b005eca
[35m[HTTP][39m [37m<-- GET /wd/hub/session/188bb5ac-2322-4ead-bb47-341f6b005eca/source [39m[32m200[39m [90m1395 ms - 68196[39m
[35m[HTTP][39m [90m[39m
[35m[HTTP][39m [37m-->[39m [37mGET[39m [37m/wd/hub/session/188bb5ac-2322-4ead-bb47-341f6b005eca/screenshot[39m
[35m[HTTP][39m [90m{}[39m
[35m[HTTP][39m [37m<-- GET /wd/hub/session/188bb5ac-2322-4ead-bb47-341f6b005eca/screenshot [39m[32m200[39m [90m535 ms - 266070[39m
[35m[HTTP][39m [90m[39m
[35m[HTTP][39m [37m-->[39m [37mPOST[39m [37m/wd/hub/session/188bb5ac-2322-4ead-bb47-341f6b005eca/elements[39m
[35m[HTTP][39m [90m{"using":"xpath","value":"//*[@class = 'android.widget.Button' and (@text = 'Select Outlet' or . = 'Select Outlet') and @resource-id = 'com.innovecto.etalastic:id/button_change_outlet']"}[39m
[35m[HTTP][39m [37m<-- POST /wd/hub/session/188bb5ac-2322-4ead-bb47-341f6b005eca/elements [39m[32m200[39m [90m934 ms - 139[39m
[35m[HTTP][39m [90m[39m
[35m[HTTP][39m [37m-->[39m [37mGET[39m [37m/wd/hub/session/188bb5ac-2322-4ead-bb47-341f6b005eca/window/rect[39m
[35m[HTTP][39m [90m{}[39m
[35m[HTTP][39m [37m<-- GET /wd/hub/session/188bb5ac-2322-4ead-bb47-341f6b005eca/window/rect [39m[32m200[39m [90m16 ms - 50[39m
[35m[HTTP][39m [90m[39m
[35m[HTTP][39m [37m-->[39m [37mPOST[39m [37m/wd/hub/session/188bb5ac-2322-4ead-bb47-341f6b005eca/elements[39m
[35m[HTTP][39m [90m{"using":"xpath","value":"//*[@class = 'android.widget.Button' and (@text = 'Select Outlet' or . = 'Select Outlet') and @resource-id = 'com.innovecto.etalastic:id/button_change_outlet']"}[39m
[35m[HTTP][39m [37m<-- POST /wd/hub/session/188bb5ac-2322-4ead-bb47-341f6b005eca/elements [39m[32m200[39m [90m698 ms - 139[39m
[35m[HTTP][39m [90m[39m
[35m[HTTP][39m [37m-->[39m [37mGET[39m [37m/wd/hub/session/188bb5ac-2322-4ead-bb47-341f6b005eca/element/00000000-0000-01a0-ffff-ffff00000046/location[39m
[35m[HTTP][39m [90m{}[39m
[35m[W3C (188bb5ac)][39m Driver proxy active, passing request on via HTTP proxy
[35m[WD Proxy][39m Replacing sessionId c2d013bf-f100-4bd7-bc3a-44dd400ae8cf with 188bb5ac-2322-4ead-bb47-341f6b005eca
[35m[HTTP][39m [37m<-- GET /wd/hub/session/188bb5ac-2322-4ead-bb47-341f6b005eca/element/00000000-0000-01a0-ffff-ffff00000046/location [39m[32m200[39m [90m40 ms - 78[39m
[35m[HTTP][39m [90m[39m
[35m[HTTP][39m [37m-->[39m [37mPOST[39m [37m/wd/hub/session/188bb5ac-2322-4ead-bb47-341f6b005eca/element/00000000-0000-01a0-ffff-ffff00000046/click[39m
[35m[HTTP][39m [90m{"id":"00000000-0000-01a0-ffff-ffff00000046"}[39m
[35m[HTTP][39m [37m<-- POST /wd/hub/session/188bb5ac-2322-4ead-bb47-341f6b005eca/element/00000000-0000-01a0-ffff-ffff00000046/click [39m[32m200[39m [90m87 ms - 14[39m
[35m[HTTP][39m [90m[39m
[35m[HTTP][39m [37m-->[39m [37mGET[39m [37m/wd/hub/session/188bb5ac-2322-4ead-bb47-341f6b005eca/source[39m
[35m[HTTP][39m [90m{}[39m
[35m[W3C (188bb5ac)][39m Driver proxy active, passing request on via HTTP proxy
[35m[WD Proxy][39m Replacing sessionId c2d013bf-f100-4bd7-bc3a-44dd400ae8cf with 188bb5ac-2322-4ead-bb47-341f6b005eca
[35m[HTTP][39m [37m<-- GET /wd/hub/session/188bb5ac-2322-4ead-bb47-341f6b005eca/source [39m[32m200[39m [90m706 ms - 9754[39m
[35m[HTTP][39m [90m[39m
[35m[HTTP][39m [37m-->[39m [37mGET[39m [37m/wd/hub/session/188bb5ac-2322-4ead-bb47-341f6b005eca/screenshot[39m
[35m[HTTP][39m [90m{}[39m
[35m[HTTP][39m [37m<-- GET /wd/hub/session/188bb5ac-2322-4ead-bb47-341f6b005eca/screenshot [39m[32m200[39m [90m457 ms - 74048[39m
[35m[HTTP][39m [90m[39m
[35m[HTTP][39m [37m-->[39m [37mPOST[39m [37m/wd/hub/session/188bb5ac-2322-4ead-bb47-341f6b005eca/elements[39m
[35m[HTTP][39m [90m{"using":"xpath","value":"//*[@class = 'android.widget.ImageView' and @resource-id = 'com.innovecto.etalastic:id/image_outlet' and (@text = '' or . = '')]"}[39m
[35m[HTTP][39m [37m<-- POST /wd/hub/session/188bb5ac-2322-4ead-bb47-341f6b005eca/elements [39m[32m200[39m [90m6009 ms - 139[39m
[35m[HTTP][39m [90m[39m
[35m[HTTP][39m [37m-->[39m [37mGET[39m [37m/wd/hub/session/188bb5ac-2322-4ead-bb47-341f6b005eca/window/rect[39m
[35m[HTTP][39m [90m{}[39m
[35m[HTTP][39m [37m<-- GET /wd/hub/session/188bb5ac-2322-4ead-bb47-341f6b005eca/window/rect [39m[32m200[39m [90m18 ms - 50[39m
[35m[HTTP][39m [90m[39m
[35m[HTTP][39m [37m-->[39m [37mPOST[39m [37m/wd/hub/session/188bb5ac-2322-4ead-bb47-341f6b005eca/elements[39m
[35m[HTTP][39m [90m{"using":"xpath","value":"//*[@class = 'android.widget.ImageView' and @resource-id = 'com.innovecto.etalastic:id/image_outlet' and (@text = '' or . = '')]"}[39m
[35m[HTTP][39m [37m<-- POST /wd/hub/session/188bb5ac-2322-4ead-bb47-341f6b005eca/elements [39m[32m200[39m [90m574 ms - 139[39m
[35m[HTTP][39m [90m[39m
[35m[HTTP][39m [37m-->[39m [37mGET[39m [37m/wd/hub/session/188bb5ac-2322-4ead-bb47-341f6b005eca/element/00000000-0000-01a7-ffff-ffff000002fc/location[39m
[35m[HTTP][39m [90m{}[39m
[35m[W3C (188bb5ac)][39m Driver proxy active, passing request on via HTTP proxy
[35m[WD Proxy][39m Replacing sessionId c2d013bf-f100-4bd7-bc3a-44dd400ae8cf with 188bb5ac-2322-4ead-bb47-341f6b005eca
[35m[HTTP][39m [37m<-- GET /wd/hub/session/188bb5ac-2322-4ead-bb47-341f6b005eca/element/00000000-0000-01a7-ffff-ffff000002fc/location [39m[32m200[39m [90m35 ms - 77[39m
[35m[HTTP][39m [90m[39m
[35m[HTTP][39m [37m-->[39m [37mPOST[39m [37m/wd/hub/session/188bb5ac-2322-4ead-bb47-341f6b005eca/element/00000000-0000-01a7-ffff-ffff000002fc/click[39m
[35m[HTTP][39m [90m{"id":"00000000-0000-01a7-ffff-ffff000002fc"}[39m
[35m[HTTP][39m [37m<-- POST /wd/hub/session/188bb5ac-2322-4ead-bb47-341f6b005eca/element/00000000-0000-01a7-ffff-ffff000002fc/click [39m[32m200[39m [90m87 ms - 14[39m
[35m[HTTP][39m [90m[39m
[35m[HTTP][39m [37m-->[39m [37mGET[39m [37m/wd/hub/session/188bb5ac-2322-4ead-bb47-341f6b005eca/source[39m
[35m[HTTP][39m [90m{}[39m
[35m[W3C (188bb5ac)][39m Driver proxy active, passing request on via HTTP proxy
[35m[WD Proxy][39m Replacing sessionId c2d013bf-f100-4bd7-bc3a-44dd400ae8cf with 188bb5ac-2322-4ead-bb47-341f6b005eca
[35m[HTTP][39m [37m<-- GET /wd/hub/session/188bb5ac-2322-4ead-bb47-341f6b005eca/source [39m[32m200[39m [90m2052 ms - 4323[39m
[35m[HTTP][39m [90m[39m
[35m[HTTP][39m [37m-->[39m [37mGET[39m [37m/wd/hub/session/188bb5ac-2322-4ead-bb47-341f6b005eca/screenshot[39m
[35m[HTTP][39m [90m{}[39m
[35m[HTTP][39m [37m<-- GET /wd/hub/session/188bb5ac-2322-4ead-bb47-341f6b005eca/screenshot [39m[32m200[39m [90m484 ms - 67466[39m
[35m[HTTP][39m [90m[39m
[35m[HTTP][39m [37m-->[39m [37mDELETE[39m [37m/wd/hub/session/188bb5ac-2322-4ead-bb47-341f6b005eca[39m
[35m[HTTP][39m [90m{}[39m
[35m[Appium][39m Removing session 188bb5ac-2322-4ead-bb47-341f6b005eca from our master session list
[35m[UiAutomator2][39m Restoring hidden api policy to the device default configuration
[35m[HTTP][39m [37m<-- DELETE /wd/hub/session/188bb5ac-2322-4ead-bb47-341f6b005eca [39m[32m200[39m [90m608 ms - 14[39m
[35m[HTTP][39m [90m[39m
